{
  "stats": {
    "suites": 1,
    "tests": 3,
    "passes": 3,
    "pending": 0,
    "failures": 0,
    "start": "2023-07-06T00:01:38.424Z",
    "end": "2023-07-06T00:01:39.434Z",
    "duration": 1010,
    "testsRegistered": 3,
    "passPercent": 100,
    "pendingPercent": 0,
    "other": 0,
    "hasOther": false,
    "skipped": 0,
    "hasSkipped": false
  },
  "results": [
    {
      "uuid": "87325952-a8c2-4305-b6c1-253669376be8",
      "title": "",
      "fullFile": "C:\\Users\\adool\\OneDrive\\Desktop\\Topcon Test\\Back\\GitHubAPI_Test\\test\\api_test.js",
      "file": "\\test\\api_test.js",
      "beforeHooks": [],
      "afterHooks": [],
      "tests": [],
      "suites": [
        {
          "uuid": "299a50a4-4c7c-431e-a309-a9fd0c39b4bc",
          "title": "API Tests",
          "fullFile": "C:\\Users\\adool\\OneDrive\\Desktop\\Topcon Test\\Back\\GitHubAPI_Test\\test\\api_test.js",
          "file": "\\test\\api_test.js",
          "beforeHooks": [],
          "afterHooks": [],
          "tests": [
            {
              "title": "should fetch repository information",
              "fullTitle": "API Tests should fetch repository information",
              "timedOut": false,
              "duration": 537,
              "state": "passed",
              "speed": "slow",
              "pass": true,
              "fail": false,
              "pending": false,
              "context": null,
              "code": "const repository = await fetchRepository('octocat', 'Hello-World');\nexpect(repository).to.have.property('name').equal('Hello-World');\nexpect(repository).to.have.property('owner');\nexpect(repository.owner).to.have.property('login').equal('octocat');",
              "err": {},
              "uuid": "53485449-73f5-4296-9eeb-fddc6358498b",
              "parentUUID": "299a50a4-4c7c-431e-a309-a9fd0c39b4bc",
              "isHook": false,
              "skipped": false
            },
            {
              "title": "should have a valid number of forks",
              "fullTitle": "API Tests should have a valid number of forks",
              "timedOut": false,
              "duration": 313,
              "state": "passed",
              "speed": "slow",
              "pass": true,
              "fail": false,
              "pending": false,
              "context": null,
              "code": "const repository = await fetchRepository('octocat', 'Hello-World');\nexpect(repository).to.have.property('forks').that.is.a('number').and.is.at.least(0);",
              "err": {},
              "uuid": "136931d9-01d9-458a-bf6e-7190c356925a",
              "parentUUID": "299a50a4-4c7c-431e-a309-a9fd0c39b4bc",
              "isHook": false,
              "skipped": false
            },
            {
              "title": "should have a valid repository description",
              "fullTitle": "API Tests should have a valid repository description",
              "timedOut": false,
              "duration": 154,
              "state": "passed",
              "speed": "slow",
              "pass": true,
              "fail": false,
              "pending": false,
              "context": null,
              "code": "const repository = await fetchRepository('octocat', 'Hello-World');\nexpect(repository).to.have.property('description').that.is.a('string').and.is.not.empty;",
              "err": {},
              "uuid": "2a5c9110-5155-4a05-8f52-df12a4173a21",
              "parentUUID": "299a50a4-4c7c-431e-a309-a9fd0c39b4bc",
              "isHook": false,
              "skipped": false
            }
          ],
          "suites": [],
          "passes": [
            "53485449-73f5-4296-9eeb-fddc6358498b",
            "136931d9-01d9-458a-bf6e-7190c356925a",
            "2a5c9110-5155-4a05-8f52-df12a4173a21"
          ],
          "failures": [],
          "pending": [],
          "skipped": [],
          "duration": 1004,
          "root": false,
          "rootEmpty": false,
          "_timeout": 2000
        }
      ],
      "passes": [],
      "failures": [],
      "pending": [],
      "skipped": [],
      "duration": 0,
      "root": true,
      "rootEmpty": true,
      "_timeout": 2000
    }
  ],
  "meta": {
    "mocha": {
      "version": "10.2.0"
    },
    "mochawesome": {
      "options": {
        "quiet": false,
        "reportFilename": "mochawesome",
        "saveHtml": true,
        "saveJson": true,
        "consoleReporter": "spec",
        "useInlineDiffs": false,
        "code": true
      },
      "version": "7.1.3"
    },
    "marge": {
      "options": null,
      "version": "6.2.0"
    }
  }
}